C:\USERS\BLOGS_000\DOCUMENTS\VISUAL STUDIO 2012\PROJECTS\SDL\SDL\DEBUG\COIN.OBJ
C:\USERS\BLOGS_000\DOCUMENTS\VISUAL STUDIO 2012\PROJECTS\SDL\SDL\DEBUG\DAWN.OBJ
C:\USERS\BLOGS_000\DOCUMENTS\VISUAL STUDIO 2012\PROJECTS\SDL\SDL\DEBUG\FONT.OBJ
C:\USERS\BLOGS_000\DOCUMENTS\VISUAL STUDIO 2012\PROJECTS\SDL\SDL\DEBUG\GAME.OBJ
C:\USERS\BLOGS_000\DOCUMENTS\VISUAL STUDIO 2012\PROJECTS\SDL\SDL\DEBUG\GAMEMANAGEMENT.OBJ
C:\USERS\BLOGS_000\DOCUMENTS\VISUAL STUDIO 2012\PROJECTS\SDL\SDL\DEBUG\LEVEL.OBJ
C:\USERS\BLOGS_000\DOCUMENTS\VISUAL STUDIO 2012\PROJECTS\SDL\SDL\DEBUG\MAIN.OBJ
C:\USERS\BLOGS_000\DOCUMENTS\VISUAL STUDIO 2012\PROJECTS\SDL\SDL\DEBUG\OBJECT.OBJ
C:\USERS\BLOGS_000\DOCUMENTS\VISUAL STUDIO 2012\PROJECTS\SDL\SDL\DEBUG\RANDOM.OBJ
C:\USERS\BLOGS_000\DOCUMENTS\VISUAL STUDIO 2012\PROJECTS\SDL\SDL\DEBUG\RESOURCEMANAGER.OBJ
C:\USERS\BLOGS_000\DOCUMENTS\VISUAL STUDIO 2012\PROJECTS\SDL\SDL\DEBUG\STATE_GAMEPLAY.OBJ
C:\USERS\BLOGS_000\DOCUMENTS\VISUAL STUDIO 2012\PROJECTS\SDL\SDL\DEBUG\STATE_MENU.OBJ
C:\USERS\BLOGS_000\DOCUMENTS\VISUAL STUDIO 2012\PROJECTS\SDL\SDL\DEBUG\WALL.OBJ
C:\USERS\BLOGS_000\DOCUMENTS\VISUAL STUDIO 2012\PROJECTS\SDL\SDL\DEBUG\VC110.PDB
C:\USERS\BLOGS_000\DOCUMENTS\VISUAL STUDIO 2012\PROJECTS\SDL\DEBUG\SDL.ILK
C:\USERS\BLOGS_000\DOCUMENTS\VISUAL STUDIO 2012\PROJECTS\SDL\DEBUG\SDL.EXE
C:\USERS\BLOGS_000\DOCUMENTS\VISUAL STUDIO 2012\PROJECTS\SDL\DEBUG\SDL.PDB
C:\Users\blogs_000\Documents\Visual Studio 2012\Projects\SDL\SDL\Debug\Coin.obj
C:\Users\blogs_000\Documents\Visual Studio 2012\Projects\SDL\SDL\Debug\Dawn.obj
C:\Users\blogs_000\Documents\Visual Studio 2012\Projects\SDL\SDL\Debug\Font.obj
C:\Users\blogs_000\Documents\Visual Studio 2012\Projects\SDL\SDL\Debug\Game.obj
C:\Users\blogs_000\Documents\Visual Studio 2012\Projects\SDL\SDL\Debug\GameManagement.obj
C:\Users\blogs_000\Documents\Visual Studio 2012\Projects\SDL\SDL\Debug\Level.obj
C:\Users\blogs_000\Documents\Visual Studio 2012\Projects\SDL\SDL\Debug\main.obj
C:\Users\blogs_000\Documents\Visual Studio 2012\Projects\SDL\SDL\Debug\Object.obj
C:\Users\blogs_000\Documents\Visual Studio 2012\Projects\SDL\SDL\Debug\Random.obj
C:\Users\blogs_000\Documents\Visual Studio 2012\Projects\SDL\SDL\Debug\ResourceManager.obj
C:\Users\blogs_000\Documents\Visual Studio 2012\Projects\SDL\SDL\Debug\State_Gameplay.obj
C:\Users\blogs_000\Documents\Visual Studio 2012\Projects\SDL\SDL\Debug\State_Menu.obj
C:\Users\blogs_000\Documents\Visual Studio 2012\Projects\SDL\SDL\Debug\Wall.obj
C:\Users\blogs_000\Documents\Visual Studio 2012\Projects\SDL\SDL\Debug\cl.command.1.tlog
C:\Users\blogs_000\Documents\Visual Studio 2012\Projects\SDL\SDL\Debug\CL.read.1.tlog
C:\Users\blogs_000\Documents\Visual Studio 2012\Projects\SDL\SDL\Debug\CL.write.1.tlog
C:\Users\blogs_000\Documents\Visual Studio 2012\Projects\SDL\SDL\Debug\link-cvtres.read.1.tlog
C:\Users\blogs_000\Documents\Visual Studio 2012\Projects\SDL\SDL\Debug\link-cvtres.write.1.tlog
C:\Users\blogs_000\Documents\Visual Studio 2012\Projects\SDL\SDL\Debug\link-rc.read.1.tlog
C:\Users\blogs_000\Documents\Visual Studio 2012\Projects\SDL\SDL\Debug\link-rc.write.1.tlog
C:\Users\blogs_000\Documents\Visual Studio 2012\Projects\SDL\SDL\Debug\link.command.1.tlog
C:\Users\blogs_000\Documents\Visual Studio 2012\Projects\SDL\SDL\Debug\link.read.1.tlog
C:\Users\blogs_000\Documents\Visual Studio 2012\Projects\SDL\SDL\Debug\link.write.1.tlog
C:\Users\blogs_000\Documents\Visual Studio 2012\Projects\SDL\SDL\Debug\vc110.idb
C:\Users\blogs_000\Documents\Visual Studio 2012\Projects\SDL\SDL\Debug\vc110.pdb
C:\Users\blogs_000\Documents\Visual Studio 2012\Projects\SDL\Debug\SDL.pdb
C:\Users\blogs_000\Documents\Visual Studio 2012\Projects\SDL\Debug\SDL.exe
C:\Users\blogs_000\Documents\Visual Studio 2012\Projects\SDL\Debug\SDL.ilk
